d:\uni\3º ano\cg\projeto\micro-machines\debug\vc140.pdb
d:\uni\3º ano\cg\projeto\micro-machines\debug\vc140.idb
d:\uni\3º ano\cg\projeto\micro-machines\debug\butter.obj
d:\uni\3º ano\cg\projeto\micro-machines\debug\camera.obj
d:\uni\3º ano\cg\projeto\micro-machines\debug\car.obj
d:\uni\3º ano\cg\projeto\micro-machines\debug\dynamicobject.obj
d:\uni\3º ano\cg\projeto\micro-machines\debug\entity.obj
d:\uni\3º ano\cg\projeto\micro-machines\debug\gamemanager.obj
d:\uni\3º ano\cg\projeto\micro-machines\debug\gameobject.obj
d:\uni\3º ano\cg\projeto\micro-machines\debug\lightsource.obj
d:\uni\3º ano\cg\projeto\micro-machines\debug\main.obj
d:\uni\3º ano\cg\projeto\micro-machines\debug\obstacle.obj
d:\uni\3º ano\cg\projeto\micro-machines\debug\orange.obj
d:\uni\3º ano\cg\projeto\micro-machines\debug\orthogonalcamera.obj
d:\uni\3º ano\cg\projeto\micro-machines\debug\perspectivecamera.obj
d:\uni\3º ano\cg\projeto\micro-machines\debug\roadside.obj
d:\uni\3º ano\cg\projeto\micro-machines\debug\staticobject.obj
d:\uni\3º ano\cg\projeto\micro-machines\debug\table.obj
d:\uni\3º ano\cg\projeto\micro-machines\debug\vector3.obj
d:\uni\3º ano\cg\projeto\micro-machines\debug\micro machines.ilk
d:\uni\3º ano\cg\projeto\micro-machines\debug\micro machines.exe
d:\uni\3º ano\cg\projeto\micro-machines\debug\micro machines.pdb
d:\uni\3º ano\cg\projeto\micro-machines\debug\micro machines.tlog\cl.command.1.tlog
d:\uni\3º ano\cg\projeto\micro-machines\debug\micro machines.tlog\cl.read.1.tlog
d:\uni\3º ano\cg\projeto\micro-machines\debug\micro machines.tlog\cl.write.1.tlog
d:\uni\3º ano\cg\projeto\micro-machines\debug\micro machines.tlog\link.command.1.tlog
d:\uni\3º ano\cg\projeto\micro-machines\debug\micro machines.tlog\link.read.1.tlog
d:\uni\3º ano\cg\projeto\micro-machines\debug\micro machines.tlog\link.write.1.tlog
