Build started 12/10/2015 15:39:25.
     1>Project "D:\Uni\3º ano\CG\Projeto\micro-machines\Micro Machines.vcxproj" on node 2 (Build target(s)).
     1>ClCompile:
         C:\Program Files (x86)\Microsoft Visual Studio 14.0\VC\bin\CL.exe /c /I"D:\Uni\3º ano\CG\glut\include" /Zi /nologo /W3 /WX- /Od /Oy- /D WIN32 /D _DEBUG /D _CONSOLE /Gm /EHsc /RTC1 /MDd /GS /fp:precise /Zc:wchar_t /Zc:forScope /Zc:inline /Fo"Debug\\" /Fd"Debug\vc140.pdb" /Gd /TP /analyze- /errorReport:prompt Table.cpp
         Table.cpp
     1>d:\uni\3º ano\cg\projeto\micro-machines\StaticObject.h(6): warning C4067: unexpected tokens following preprocessor directive - expected a newline
     1>d:\uni\3º ano\cg\projeto\micro-machines\GameObject.h(3): warning C4067: unexpected tokens following preprocessor directive - expected a newline
       Link:
         C:\Program Files (x86)\Microsoft Visual Studio 14.0\VC\bin\link.exe /ERRORREPORT:PROMPT /OUT:"D:\Uni\3º ano\CG\Projeto\micro-machines\Debug\Micro Machines.exe" /INCREMENTAL /NOLOGO /LIBPATH:"D:\Uni\3º ano\CG\glut\lib" kernel32.lib user32.lib gdi32.lib winspool.lib comdlg32.lib advapi32.lib shell32.lib ole32.lib oleaut32.lib uuid.lib odbc32.lib odbccp32.lib /MANIFEST /MANIFESTUAC:"level='asInvoker' uiAccess='false'" /manifest:embed /Debug /PDB:"D:\Uni\3º ano\CG\Projeto\micro-machines\Debug\Micro Machines.pdb" /SUBSYSTEM:CONSOLE /TLBID:1 /DYNAMICBASE /NXCOMPAT /IMPLIB:"D:\Uni\3º ano\CG\Projeto\micro-machines\Debug\Micro Machines.lib" /MACHINE:X86 Debug\Butter.obj
         Debug\Camera.obj
         Debug\Car.obj
         Debug\DynamicObject.obj
         Debug\Entity.obj
         Debug\GameManager.obj
         Debug\GameObject.obj
         Debug\LightSource.obj
         Debug\Main.obj
         Debug\Obstacle.obj
         Debug\Orange.obj
         Debug\OrthogonalCamera.obj
         Debug\PerspectiveCamera.obj
         Debug\Roadside.obj
         Debug\StaticObject.obj
         Debug\Table.obj
         Debug\Vector3.obj
         Micro Machines.vcxproj -> D:\Uni\3º ano\CG\Projeto\micro-machines\Debug\Micro Machines.exe
     1>Done Building Project "D:\Uni\3º ano\CG\Projeto\micro-machines\Micro Machines.vcxproj" (Build target(s)).

Build succeeded.

Time Elapsed 00:00:00.42
